TN:
SF:app.js
FN:39,(anonymous_0)
FNF:1
FNH:1
FNDA:1,(anonymous_0)
DA:1,1
DA:2,1
DA:3,1
DA:4,1
DA:5,1
DA:6,1
DA:7,1
DA:8,1
DA:9,1
DA:13,1
DA:14,1
DA:15,1
DA:18,1
DA:19,1
DA:20,1
DA:23,1
DA:26,1
DA:28,1
DA:30,1
DA:32,1
DA:33,1
DA:34,1
DA:35,1
DA:39,1
DA:40,1
DA:44,1
LF:26
LH:26
BRF:0
BRH:0
end_of_record
TN:
SF:config/database.js
FNF:0
FNH:0
DA:1,1
DA:2,1
DA:3,1
DA:5,1
DA:21,1
LF:5
LH:5
BRDA:10,0,0,1
BRDA:10,0,1,1
BRDA:11,1,0,1
BRDA:11,1,1,1
BRDA:13,2,0,0
BRDA:13,2,1,1
BRF:6
BRH:5
end_of_record
TN:
SF:config/swagger.js
FNF:0
FNH:0
DA:1,1
DA:3,1
DA:20,1
DA:22,1
LF:4
LH:4
BRF:0
BRH:0
end_of_record
TN:
SF:controllers/authController.js
FN:8,(anonymous_0)
FN:50,(anonymous_1)
FNF:2
FNH:0
FNDA:0,(anonymous_0)
FNDA:0,(anonymous_1)
DA:1,1
DA:2,1
DA:3,1
DA:5,1
DA:8,1
DA:9,0
DA:11,0
DA:13,0
DA:14,0
DA:15,0
DA:20,0
DA:21,0
DA:29,0
DA:35,0
DA:41,0
DA:42,0
DA:50,1
DA:51,0
DA:53,0
DA:54,0
DA:56,0
DA:57,0
DA:62,0
DA:64,0
DA:65,0
DA:70,0
DA:76,0
DA:78,0
DA:83,0
DA:84,0
LF:30
LH:6
BRDA:5,0,0,1
BRDA:5,0,1,0
BRDA:14,1,0,0
BRDA:14,1,1,0
BRDA:56,2,0,0
BRDA:56,2,1,0
BRDA:64,3,0,0
BRDA:64,3,1,0
BRF:8
BRH:1
end_of_record
TN:
SF:controllers/clientController.js
FN:8,(anonymous_0)
FN:26,(anonymous_1)
FN:48,(anonymous_2)
FNF:3
FNH:0
FNDA:0,(anonymous_0)
FNDA:0,(anonymous_1)
FNDA:0,(anonymous_2)
DA:1,1
DA:2,1
DA:3,1
DA:5,1
DA:8,1
DA:9,0
DA:10,0
DA:18,0
DA:20,0
DA:21,0
DA:26,1
DA:27,0
DA:28,0
DA:30,0
DA:37,0
DA:38,0
DA:41,0
DA:43,0
DA:44,0
DA:48,1
DA:49,0
DA:50,0
DA:52,0
DA:53,0
DA:59,0
DA:62,0
DA:70,0
DA:78,0
DA:84,0
DA:85,0
LF:30
LH:7
BRDA:5,0,0,1
BRDA:5,0,1,0
BRDA:37,1,0,0
BRDA:37,1,1,0
BRDA:52,2,0,0
BRDA:52,2,1,0
BRF:6
BRH:1
end_of_record
TN:
SF:controllers/commentController.js
FN:10,(anonymous_0)
FN:36,(anonymous_1)
FNF:2
FNH:0
FNDA:0,(anonymous_0)
FNDA:0,(anonymous_1)
DA:8,1
DA:10,1
DA:11,0
DA:12,0
DA:13,0
DA:15,0
DA:17,0
DA:18,0
DA:21,0
DA:28,0
DA:30,0
DA:31,0
DA:36,1
DA:37,0
DA:38,0
DA:40,0
DA:41,0
DA:44,0
DA:56,0
DA:58,0
DA:59,0
LF:21
LH:3
BRDA:17,0,0,0
BRDA:17,0,1,0
BRDA:17,1,0,0
BRDA:17,1,1,0
BRDA:40,2,0,0
BRDA:40,2,1,0
BRF:6
BRH:0
end_of_record
TN:
SF:controllers/documentController.js
FN:10,(anonymous_0)
FN:70,(anonymous_1)
FN:91,(anonymous_2)
FN:133,(anonymous_3)
FN:167,(anonymous_4)
FN:186,(anonymous_5)
FN:215,(anonymous_6)
FNF:7
FNH:4
FNDA:1,(anonymous_0)
FNDA:2,(anonymous_1)
FNDA:1,(anonymous_2)
FNDA:1,(anonymous_3)
FNDA:0,(anonymous_4)
FNDA:0,(anonymous_5)
FNDA:0,(anonymous_6)
DA:6,1
DA:7,1
DA:10,1
DA:11,1
DA:13,1
DA:14,1
DA:15,1
DA:18,1
DA:26,0
DA:27,0
DA:33,0
DA:44,0
DA:45,0
DA:48,0
DA:55,0
DA:62,0
DA:64,1
DA:65,1
DA:70,1
DA:71,2
DA:72,2
DA:74,2
DA:83,0
DA:85,2
DA:86,2
DA:91,1
DA:92,1
DA:93,1
DA:121,0
DA:122,0
DA:125,0
DA:127,1
DA:128,1
DA:133,1
DA:134,1
DA:135,1
DA:136,1
DA:138,1
DA:140,0
DA:141,0
DA:146,0
DA:147,0
DA:149,0
DA:152,0
DA:159,0
DA:161,1
DA:162,1
DA:167,1
DA:168,0
DA:169,0
DA:171,0
DA:172,0
DA:173,0
DA:176,0
DA:177,0
DA:179,0
DA:181,0
DA:182,0
DA:186,1
DA:187,0
DA:188,0
DA:189,0
DA:190,0
DA:193,0
DA:194,0
DA:197,0
DA:203,0
DA:204,0
DA:208,0
DA:209,0
DA:214,0
DA:215,0
DA:219,0
DA:230,0
DA:231,0
DA:234,0
DA:235,0
DA:243,0
DA:245,0
DA:246,0
LF:80
LH:30
BRDA:15,0,0,1
BRDA:15,0,1,1
BRDA:26,1,0,0
BRDA:26,1,1,0
BRDA:121,2,0,0
BRDA:121,2,1,0
BRDA:121,3,0,0
BRDA:121,3,1,0
BRDA:140,4,0,0
BRDA:140,4,1,0
BRDA:140,5,0,0
BRDA:140,5,1,0
BRDA:146,6,0,0
BRDA:146,6,1,0
BRDA:147,7,0,0
BRDA:147,7,1,0
BRDA:172,8,0,0
BRDA:172,8,1,0
BRDA:172,9,0,0
BRDA:172,9,1,0
BRDA:193,10,0,0
BRDA:193,10,1,0
BRDA:203,11,0,0
BRDA:203,11,1,0
BRDA:208,12,0,0
BRDA:208,12,1,0
BRDA:214,13,0,0
BRDA:214,13,1,0
BRDA:234,14,0,0
BRDA:234,14,1,0
BRDA:234,15,0,0
BRDA:234,15,1,0
BRF:32
BRH:2
end_of_record
TN:
SF:controllers/userController.js
FN:9,(anonymous_0)
FN:37,(anonymous_1)
FN:54,(anonymous_2)
FNF:3
FNH:0
FNDA:0,(anonymous_0)
FNDA:0,(anonymous_1)
FNDA:0,(anonymous_2)
DA:7,1
DA:9,1
DA:10,0
DA:11,0
DA:12,0
DA:29,0
DA:31,0
DA:32,0
DA:37,1
DA:38,0
DA:39,0
DA:43,0
DA:44,0
DA:47,0
DA:49,0
DA:50,0
DA:54,1
DA:55,0
LF:18
LH:4
BRDA:43,0,0,0
BRDA:43,0,1,0
BRF:2
BRH:0
end_of_record
TN:
SF:middlewares/authMiddleware.js
FN:3,(anonymous_0)
FNF:1
FNH:1
FNDA:6,(anonymous_0)
DA:1,1
DA:3,1
DA:4,6
DA:6,6
DA:7,0
DA:10,6
DA:12,6
DA:13,0
DA:16,6
DA:17,6
DA:18,6
DA:20,6
DA:21,6
DA:23,0
DA:24,0
DA:26,0
DA:31,1
LF:17
LH:12
BRDA:6,0,0,0
BRDA:6,0,1,6
BRDA:12,1,0,0
BRDA:12,1,1,6
BRDA:17,2,0,6
BRDA:17,2,1,0
BRDA:23,3,0,0
BRDA:23,3,1,0
BRF:8
BRH:3
end_of_record
TN:
SF:middlewares/errorHandler.js
FN:3,(anonymous_0)
FNF:1
FNH:0
FNDA:0,(anonymous_0)
DA:1,1
DA:3,1
DA:4,0
DA:10,0
DA:11,0
LF:5
LH:2
BRDA:10,0,0,0
BRDA:10,0,1,0
BRF:2
BRH:0
end_of_record
TN:
SF:models/Client.js
FNF:0
FNH:0
DA:2,1
DA:3,1
DA:4,1
DA:6,1
DA:47,1
LF:5
LH:5
BRF:0
BRH:0
end_of_record
TN:
SF:models/Comment.js
FNF:0
FNH:0
DA:1,1
DA:2,1
DA:4,1
DA:35,1
LF:4
LH:4
BRF:0
BRH:0
end_of_record
TN:
SF:models/Document.js
FNF:0
FNH:0
DA:1,1
DA:2,1
DA:4,1
DA:44,1
LF:4
LH:4
BRF:0
BRH:0
end_of_record
TN:
SF:models/DocumentPermission.js
FNF:0
FNH:0
DA:1,1
DA:2,1
DA:4,1
DA:38,1
LF:4
LH:4
BRF:0
BRH:0
end_of_record
TN:
SF:models/DocumentVersion.js
FNF:0
FNH:0
DA:1,1
DA:2,1
DA:4,1
DA:48,1
LF:4
LH:4
BRF:0
BRH:0
end_of_record
TN:
SF:models/User.js
FNF:0
FNH:0
DA:2,1
DA:3,1
DA:5,1
DA:44,1
LF:4
LH:4
BRF:0
BRH:0
end_of_record
TN:
SF:models/index.js
FNF:0
FNH:0
DA:1,1
DA:2,1
DA:5,1
DA:6,1
DA:7,1
DA:8,1
DA:9,1
DA:10,1
DA:13,1
DA:23,1
DA:24,1
DA:26,1
DA:27,1
DA:29,1
DA:30,1
DA:32,1
DA:33,1
DA:35,1
DA:36,1
DA:38,1
DA:39,1
DA:40,1
DA:45,1
DA:46,1
DA:49,1
LF:25
LH:25
BRF:0
BRH:0
end_of_record
TN:
SF:routes/auth.js
FNF:0
FNH:0
DA:1,1
DA:2,1
DA:4,1
DA:46,1
DA:78,1
DA:80,1
LF:6
LH:6
BRF:0
BRH:0
end_of_record
TN:
SF:routes/client.js
FNF:0
FNH:0
DA:1,1
DA:2,1
DA:4,1
DA:25,1
DA:48,1
DA:83,1
DA:85,1
LF:7
LH:7
BRF:0
BRH:0
end_of_record
TN:
SF:routes/comment.js
FNF:0
FNH:0
DA:1,1
DA:2,1
DA:4,1
DA:44,1
DA:65,1
DA:67,1
LF:6
LH:6
BRF:0
BRH:0
end_of_record
TN:
SF:routes/document.js
FNF:0
FNH:0
DA:1,1
DA:2,1
DA:4,1
DA:23,1
DA:42,1
DA:61,1
DA:84,1
DA:114,1
DA:133,1
DA:135,1
LF:10
LH:10
BRF:0
BRH:0
end_of_record
TN:
SF:routes/user.js
FNF:0
FNH:0
DA:1,1
DA:2,1
DA:4,1
DA:6,1
DA:7,1
DA:10,1
LF:6
LH:6
BRF:0
BRH:0
end_of_record
TN:
SF:utils/logger.js
FNF:0
FNH:0
DA:1,1
DA:3,1
DA:16,1
DA:17,1
DA:22,1
LF:5
LH:5
BRDA:16,0,0,1
BRDA:16,0,1,0
BRF:2
BRH:1
end_of_record
